<?xml version="1.0" encoding="UTF-8"?>
<!-- Generated by org.testng.reporters.JUnitReportReporter -->
<testsuite hostname="Collab" failures="0" tests="10" name="Scary.Testing.TestCases" time="188.366" errors="0" timestamp="2025-05-15T15:05:46 IST" skipped="0">
  <testcase classname="Scary.Testing.TestCases" name="Createdoc" time="65.581"/>
  <testcase classname="Scary.Testing.TestCases" name="CreateDocFromFile" time="22.081"/>
  <testcase classname="Scary.Testing.TestCases" name="MakeACopy" time="13.911"/>
  <testcase classname="Scary.Testing.TestCases" name="TextEntering" time="1.065"/>
  <testcase classname="Scary.Testing.TestCases" name="InsertDrawing" time="24.897"/>
  <testcase classname="Scary.Testing.TestCases" name="comment" time="21.126"/>
  <testcase classname="Scary.Testing.TestCases" name="InsertHorizontalLine" time="7.726"/>
  <testcase classname="Scary.Testing.TestCases" name="InsertSpecialCharacter" time="16.497"/>
  <testcase classname="Scary.Testing.TestCases" name="SuggestionMode" time="7.364"/>
  <testcase classname="Scary.Testing.TestCases" name="InsertImage" time="8.118"/>
</testsuite> <!-- Scary.Testing.TestCases -->
