<?xml version="1.0" encoding="UTF-8"?>
<!-- Generated by org.testng.reporters.JUnitReportReporter -->
<testsuite hostname="Collab" failures="0" tests="9" name="Scary.Testing.TestCases" time="156.018" errors="0" timestamp="2025-05-14T10:41:58 IST" skipped="0">
  <testcase classname="Scary.Testing.TestCases" name="Createdoc" time="44.407"/>
  <testcase classname="Scary.Testing.TestCases" name="CreateDocFromFile" time="23.744"/>
  <testcase classname="Scary.Testing.TestCases" name="MakeACopy" time="14.742"/>
  <testcase classname="Scary.Testing.TestCases" name="TextEntering" time="0.877"/>
  <testcase classname="Scary.Testing.TestCases" name="InsertDrawing" time="23.489"/>
  <testcase classname="Scary.Testing.TestCases" name="comment" time="22.640"/>
  <testcase classname="Scary.Testing.TestCases" name="InsertHorizontalLine" time="8.106"/>
  <testcase classname="Scary.Testing.TestCases" name="InsertSpecialCharacter" time="16.270"/>
  <testcase classname="Scary.Testing.TestCases" name="SuggestionMode" time="1.743"/>
</testsuite> <!-- Scary.Testing.TestCases -->
