<?xml version="1.0" encoding="UTF-8"?>
<!-- Generated by org.testng.reporters.JUnitReportReporter -->
<testsuite hostname="Collab" failures="0" tests="10" name="Scary.Testing.TestCases" time="215.826" errors="0" timestamp="2025-05-19T11:58:43 IST" skipped="0">
  <testcase classname="Scary.Testing.TestCases" name="Createdoc" time="58.820"/>
  <testcase classname="Scary.Testing.TestCases" name="CreateDocFromFile" time="30.396"/>
  <testcase classname="Scary.Testing.TestCases" name="MakeACopy" time="17.288"/>
  <testcase classname="Scary.Testing.TestCases" name="TextEntering" time="3.857"/>
  <testcase classname="Scary.Testing.TestCases" name="InsertDrawing" time="28.049"/>
  <testcase classname="Scary.Testing.TestCases" name="comment" time="26.027"/>
  <testcase classname="Scary.Testing.TestCases" name="InsertHorizontalLine" time="10.342"/>
  <testcase classname="Scary.Testing.TestCases" name="InsertSpecialCharacter" time="19.070"/>
  <testcase classname="Scary.Testing.TestCases" name="SuggestionMode" time="10.020"/>
  <testcase classname="Scary.Testing.TestCases" name="InsertImage" time="11.957"/>
</testsuite> <!-- Scary.Testing.TestCases -->
