<?xml version="1.0" encoding="UTF-8"?>
<!-- Generated by org.testng.reporters.JUnitReportReporter -->
<testsuite hostname="Collab" failures="0" tests="2" name="Scary.Testing.TestCases" time="53.503" errors="0" timestamp="2025-05-16T14:44:13 IST" skipped="0">
  <testcase classname="Scary.Testing.TestCases" name="Createdoc" time="41.661"/>
  <testcase classname="Scary.Testing.TestCases" name="InsertImage" time="11.842"/>
</testsuite> <!-- Scary.Testing.TestCases -->
